!SESSION 2018-01-24 22:33:46.245 -----------------------------------------------
eclipse.buildId=4.7.0.I20170612-0950
java.version=1.8.0_101
java.vendor=Oracle Corporation
BootLoader constants: OS=win32, ARCH=x86_64, WS=win32, NL=zh_CN
Framework arguments:  -product org.eclipse.epp.package.jee.product
Command-line arguments:  -os win32 -ws win32 -arch x86_64 -product org.eclipse.epp.package.jee.product

!ENTRY org.eclipse.egit.ui 2 0 2018-01-24 22:34:02.740
!MESSAGE Warning: The environment variable HOME is not set. The following directory will be used to store the Git
user global configuration and to define the default location to store repositories: 'C:\Users\zhoubingbing'. If this is
not correct please set the HOME environment variable and restart Eclipse. Otherwise Git for Windows and
EGit might behave differently since they see different configuration options.
This warning can be switched off on the Team > Git > Confirmations and Warnings preference page.

!ENTRY org.eclipse.epp.logging.aeri.ide 2 17 2018-01-24 22:34:06.251
!MESSAGE Server ‘org.eclipse.epp.logging.aeri.ide.server’ failed with exception: Connect to dev.eclipse.org:443 [dev.eclipse.org/198.41.30.200] failed: connect timed out. ; version: 2.0.5.v20170613-1207
!STACK 0
org.apache.http.conn.ConnectTimeoutException: Connect to dev.eclipse.org:443 [dev.eclipse.org/198.41.30.200] failed: connect timed out
	at org.apache.http.impl.conn.DefaultHttpClientConnectionOperator.connect(DefaultHttpClientConnectionOperator.java:150)
	at org.apache.http.impl.conn.PoolingHttpClientConnectionManager.connect(PoolingHttpClientConnectionManager.java:353)
	at org.apache.http.impl.execchain.MainClientExec.establishRoute(MainClientExec.java:380)
	at org.apache.http.impl.execchain.MainClientExec.execute(MainClientExec.java:236)
	at org.apache.http.impl.execchain.ProtocolExec.execute(ProtocolExec.java:184)
	at org.apache.http.impl.execchain.RetryExec.execute(RetryExec.java:88)
	at org.apache.http.impl.execchain.RedirectExec.execute(RedirectExec.java:110)
	at org.apache.http.impl.client.InternalHttpClient.doExecute(InternalHttpClient.java:184)
	at org.apache.http.impl.client.CloseableHttpClient.execute(CloseableHttpClient.java:82)
	at org.apache.http.impl.client.CloseableHttpClient.execute(CloseableHttpClient.java:55)
	at org.apache.http.client.fluent.Request.internalExecute(Request.java:173)
	at org.apache.http.client.fluent.Executor.execute(Executor.java:262)
	at org.eclipse.epp.internal.logging.aeri.ide.server.mars.IO.request(IO.java:170)
	at org.eclipse.epp.internal.logging.aeri.ide.server.mars.IO.refreshConfiguration(IO.java:64)
	at org.eclipse.epp.internal.logging.aeri.ide.server.mars.ServerConnection.startUp(ServerConnection.java:124)
	at com.google.common.util.concurrent.AbstractIdleService$DelegateService$1.run(AbstractIdleService.java:62)
	at com.google.common.util.concurrent.Callables$4.run(Callables.java:122)
	at java.lang.Thread.run(Unknown Source)
Caused by: java.net.SocketTimeoutException: connect timed out
	at java.net.DualStackPlainSocketImpl.waitForConnect(Native Method)
	at java.net.DualStackPlainSocketImpl.socketConnect(Unknown Source)
	at java.net.AbstractPlainSocketImpl.doConnect(Unknown Source)
	at java.net.AbstractPlainSocketImpl.connectToAddress(Unknown Source)
	at java.net.AbstractPlainSocketImpl.connect(Unknown Source)
	at java.net.PlainSocketImpl.connect(Unknown Source)
	at java.net.SocksSocketImpl.connect(Unknown Source)
	at java.net.Socket.connect(Unknown Source)
	at org.apache.http.conn.ssl.SSLConnectionSocketFactory.connectSocket(SSLConnectionSocketFactory.java:337)
	at org.apache.http.impl.conn.DefaultHttpClientConnectionOperator.connect(DefaultHttpClientConnectionOperator.java:141)
	... 17 more

!ENTRY org.eclipse.m2e.logback.appender 2 0 2018-01-24 22:41:16.674
!MESSAGE Using platform encoding (GBK actually) to copy filtered resources, i.e. build is platform dependent!

!ENTRY org.eclipse.m2e.logback.appender 2 0 2018-01-24 22:41:16.704
!MESSAGE Using platform encoding (GBK actually) to copy filtered resources, i.e. build is platform dependent!

!ENTRY org.eclipse.m2e.logback.appender 2 0 2018-01-24 22:43:39.841
!MESSAGE Using platform encoding (GBK actually) to copy filtered resources, i.e. build is platform dependent!

!ENTRY org.eclipse.m2e.logback.appender 2 0 2018-01-24 22:43:39.853
!MESSAGE Using platform encoding (GBK actually) to copy filtered resources, i.e. build is platform dependent!

!ENTRY org.eclipse.m2e.logback.appender 2 0 2018-01-24 22:45:34.612
!MESSAGE Using platform encoding (GBK actually) to copy filtered resources, i.e. build is platform dependent!

!ENTRY org.eclipse.m2e.logback.appender 2 0 2018-01-24 22:45:34.623
!MESSAGE Using platform encoding (GBK actually) to copy filtered resources, i.e. build is platform dependent!

!ENTRY org.eclipse.m2e.logback.appender 2 0 2018-01-24 22:46:11.597
!MESSAGE Using platform encoding (GBK actually) to copy filtered resources, i.e. build is platform dependent!

!ENTRY org.eclipse.m2e.logback.appender 2 0 2018-01-24 22:46:11.625
!MESSAGE Using platform encoding (GBK actually) to copy filtered resources, i.e. build is platform dependent!

!ENTRY org.eclipse.ui 4 0 2018-01-24 22:53:27.909
!MESSAGE Unhandled event loop exception
!STACK 0
java.lang.NullPointerException
	at org.eclipse.equinox.internal.p2.ui.dialogs.RepositorySelectionGroup$13.getInitialLocationText(RepositorySelectionGroup.java:538)
	at org.eclipse.equinox.internal.p2.ui.dialogs.RepositoryNameAndLocationDialog.createLocationField(RepositoryNameAndLocationDialog.java:228)
	at org.eclipse.equinox.internal.p2.ui.dialogs.AddRepositoryDialog.createDialogArea(AddRepositoryDialog.java:88)
	at org.eclipse.jface.dialogs.Dialog.createContents(Dialog.java:768)
	at org.eclipse.jface.window.Window.create(Window.java:426)
	at org.eclipse.jface.dialogs.Dialog.create(Dialog.java:1096)
	at org.eclipse.jface.dialogs.StatusDialog.create(StatusDialog.java:200)
	at org.eclipse.jface.window.Window.open(Window.java:783)
	at org.eclipse.equinox.internal.p2.ui.dialogs.RepositorySelectionGroup.addRepository(RepositorySelectionGroup.java:559)
	at org.eclipse.equinox.internal.p2.ui.dialogs.RepositorySelectionGroup$6.widgetSelected(RepositorySelectionGroup.java:210)
	at org.eclipse.swt.widgets.TypedListener.handleEvent(TypedListener.java:249)
	at org.eclipse.swt.widgets.EventTable.sendEvent(EventTable.java:86)
	at org.eclipse.swt.widgets.Display.sendEvent(Display.java:4428)
	at org.eclipse.swt.widgets.Widget.sendEvent(Widget.java:1079)
	at org.eclipse.swt.widgets.Display.runDeferredEvents(Display.java:4238)
	at org.eclipse.swt.widgets.Display.readAndDispatch(Display.java:3817)
	at org.eclipse.e4.ui.internal.workbench.swt.PartRenderingEngine$5.run(PartRenderingEngine.java:1155)
	at org.eclipse.core.databinding.observable.Realm.runWithDefault(Realm.java:336)
	at org.eclipse.e4.ui.internal.workbench.swt.PartRenderingEngine.run(PartRenderingEngine.java:1044)
	at org.eclipse.e4.ui.internal.workbench.E4Workbench.createAndRunUI(E4Workbench.java:153)
	at org.eclipse.ui.internal.Workbench.lambda$3(Workbench.java:680)
	at org.eclipse.core.databinding.observable.Realm.runWithDefault(Realm.java:336)
	at org.eclipse.ui.internal.Workbench.createAndRunWorkbench(Workbench.java:594)
	at org.eclipse.ui.PlatformUI.createAndRunWorkbench(PlatformUI.java:148)
	at org.eclipse.ui.internal.ide.application.IDEApplication.start(IDEApplication.java:151)
	at org.eclipse.equinox.internal.app.EclipseAppHandle.run(EclipseAppHandle.java:196)
	at org.eclipse.core.runtime.internal.adaptor.EclipseAppLauncher.runApplication(EclipseAppLauncher.java:134)
	at org.eclipse.core.runtime.internal.adaptor.EclipseAppLauncher.start(EclipseAppLauncher.java:104)
	at org.eclipse.core.runtime.adaptor.EclipseStarter.run(EclipseStarter.java:388)
	at org.eclipse.core.runtime.adaptor.EclipseStarter.run(EclipseStarter.java:243)
	at sun.reflect.NativeMethodAccessorImpl.invoke0(Native Method)
	at sun.reflect.NativeMethodAccessorImpl.invoke(Unknown Source)
	at sun.reflect.DelegatingMethodAccessorImpl.invoke(Unknown Source)
	at java.lang.reflect.Method.invoke(Unknown Source)
	at org.eclipse.equinox.launcher.Main.invokeFramework(Main.java:653)
	at org.eclipse.equinox.launcher.Main.basicRun(Main.java:590)
	at org.eclipse.equinox.launcher.Main.run(Main.java:1499)

!ENTRY org.eclipse.equinox.p2.transport.ecf 2 0 2018-01-24 22:56:18.453
!MESSAGE Connection to http://jope.ow2.org/update/jope/site.xml failed on Connection timed out: connect. Retry attempt 0 started
!STACK 0
java.net.ConnectException: Connection timed out: connect
	at java.net.DualStackPlainSocketImpl.waitForConnect(Native Method)
	at java.net.DualStackPlainSocketImpl.socketConnect(Unknown Source)
	at java.net.AbstractPlainSocketImpl.doConnect(Unknown Source)
	at java.net.AbstractPlainSocketImpl.connectToAddress(Unknown Source)
	at java.net.AbstractPlainSocketImpl.connect(Unknown Source)
	at java.net.PlainSocketImpl.connect(Unknown Source)
	at java.net.SocksSocketImpl.connect(Unknown Source)
	at java.net.Socket.connect(Unknown Source)
	at org.eclipse.ecf.internal.provider.filetransfer.httpclient4.ECFHttpClientProtocolSocketFactory.connectSocket(ECFHttpClientProtocolSocketFactory.java:86)
	at org.apache.http.impl.conn.DefaultClientConnectionOperator.openConnection(DefaultClientConnectionOperator.java:179)
	at org.apache.http.impl.conn.AbstractPoolEntry.open(AbstractPoolEntry.java:144)
	at org.apache.http.impl.conn.AbstractPooledConnAdapter.open(AbstractPooledConnAdapter.java:134)
	at org.apache.http.impl.client.DefaultRequestDirector.tryConnect(DefaultRequestDirector.java:612)
	at org.apache.http.impl.client.DefaultRequestDirector.execute(DefaultRequestDirector.java:447)
	at org.apache.http.impl.client.AbstractHttpClient.doExecute(AbstractHttpClient.java:884)
	at org.apache.http.impl.client.CloseableHttpClient.execute(CloseableHttpClient.java:82)
	at org.eclipse.ecf.provider.filetransfer.httpclient4.HttpClientRetrieveFileTransfer.performConnect(HttpClientRetrieveFileTransfer.java:1084)
	at org.eclipse.ecf.provider.filetransfer.httpclient4.HttpClientRetrieveFileTransfer.access$0(HttpClientRetrieveFileTransfer.java:1075)
	at org.eclipse.ecf.provider.filetransfer.httpclient4.HttpClientRetrieveFileTransfer$1.performFileTransfer(HttpClientRetrieveFileTransfer.java:1071)
	at org.eclipse.ecf.filetransfer.FileTransferJob.run(FileTransferJob.java:74)
	at org.eclipse.core.internal.jobs.Worker.run(Worker.java:56)

!ENTRY org.eclipse.m2e.logback.appender 2 0 2018-01-24 22:57:37.820
!MESSAGE Using platform encoding (GBK actually) to copy filtered resources, i.e. build is platform dependent!

!ENTRY org.eclipse.m2e.logback.appender 2 0 2018-01-24 22:57:37.834
!MESSAGE Using platform encoding (GBK actually) to copy filtered resources, i.e. build is platform dependent!

!ENTRY org.eclipse.equinox.p2.transport.ecf 2 0 2018-01-24 22:58:54.058
!MESSAGE Connection to http://download.oracle.com/otn_software/oepe/oxygen/p2.index failed on Connection timed out: connect. Retry attempt 0 started
!STACK 0
java.net.ConnectException: Connection timed out: connect
	at java.net.DualStackPlainSocketImpl.waitForConnect(Native Method)
	at java.net.DualStackPlainSocketImpl.socketConnect(Unknown Source)
	at java.net.AbstractPlainSocketImpl.doConnect(Unknown Source)
	at java.net.AbstractPlainSocketImpl.connectToAddress(Unknown Source)
	at java.net.AbstractPlainSocketImpl.connect(Unknown Source)
	at java.net.PlainSocketImpl.connect(Unknown Source)
	at java.net.SocksSocketImpl.connect(Unknown Source)
	at java.net.Socket.connect(Unknown Source)
	at org.eclipse.ecf.internal.provider.filetransfer.httpclient4.ECFHttpClientProtocolSocketFactory.connectSocket(ECFHttpClientProtocolSocketFactory.java:86)
	at org.apache.http.impl.conn.DefaultClientConnectionOperator.openConnection(DefaultClientConnectionOperator.java:179)
	at org.apache.http.impl.conn.AbstractPoolEntry.open(AbstractPoolEntry.java:144)
	at org.apache.http.impl.conn.AbstractPooledConnAdapter.open(AbstractPooledConnAdapter.java:134)
	at org.apache.http.impl.client.DefaultRequestDirector.tryConnect(DefaultRequestDirector.java:612)
	at org.apache.http.impl.client.DefaultRequestDirector.execute(DefaultRequestDirector.java:447)
	at org.apache.http.impl.client.AbstractHttpClient.doExecute(AbstractHttpClient.java:884)
	at org.apache.http.impl.client.CloseableHttpClient.execute(CloseableHttpClient.java:82)
	at org.eclipse.ecf.provider.filetransfer.httpclient4.HttpClientRetrieveFileTransfer.performConnect(HttpClientRetrieveFileTransfer.java:1084)
	at org.eclipse.ecf.provider.filetransfer.httpclient4.HttpClientRetrieveFileTransfer.access$0(HttpClientRetrieveFileTransfer.java:1075)
	at org.eclipse.ecf.provider.filetransfer.httpclient4.HttpClientRetrieveFileTransfer$1.performFileTransfer(HttpClientRetrieveFileTransfer.java:1071)
	at org.eclipse.ecf.filetransfer.FileTransferJob.run(FileTransferJob.java:74)
	at org.eclipse.core.internal.jobs.Worker.run(Worker.java:56)

!ENTRY org.eclipse.equinox.p2.transport.ecf 2 0 2018-01-24 22:59:01.923
!MESSAGE Connection to http://www.caucho.com/eclipse/site.xml failed on Connection timed out: connect. Retry attempt 0 started
!STACK 0
java.net.ConnectException: Connection timed out: connect
	at java.net.DualStackPlainSocketImpl.waitForConnect(Native Method)
	at java.net.DualStackPlainSocketImpl.socketConnect(Unknown Source)
	at java.net.AbstractPlainSocketImpl.doConnect(Unknown Source)
	at java.net.AbstractPlainSocketImpl.connectToAddress(Unknown Source)
	at java.net.AbstractPlainSocketImpl.connect(Unknown Source)
	at java.net.PlainSocketImpl.connect(Unknown Source)
	at java.net.SocksSocketImpl.connect(Unknown Source)
	at java.net.Socket.connect(Unknown Source)
	at org.eclipse.ecf.internal.provider.filetransfer.httpclient4.ECFHttpClientProtocolSocketFactory.connectSocket(ECFHttpClientProtocolSocketFactory.java:86)
	at org.apache.http.impl.conn.DefaultClientConnectionOperator.openConnection(DefaultClientConnectionOperator.java:179)
	at org.apache.http.impl.conn.AbstractPoolEntry.open(AbstractPoolEntry.java:144)
	at org.apache.http.impl.conn.AbstractPooledConnAdapter.open(AbstractPooledConnAdapter.java:134)
	at org.apache.http.impl.client.DefaultRequestDirector.tryConnect(DefaultRequestDirector.java:612)
	at org.apache.http.impl.client.DefaultRequestDirector.execute(DefaultRequestDirector.java:447)
	at org.apache.http.impl.client.AbstractHttpClient.doExecute(AbstractHttpClient.java:884)
	at org.apache.http.impl.client.CloseableHttpClient.execute(CloseableHttpClient.java:82)
	at org.eclipse.ecf.provider.filetransfer.httpclient4.HttpClientRetrieveFileTransfer.performConnect(HttpClientRetrieveFileTransfer.java:1084)
	at org.eclipse.ecf.provider.filetransfer.httpclient4.HttpClientRetrieveFileTransfer.access$0(HttpClientRetrieveFileTransfer.java:1075)
	at org.eclipse.ecf.provider.filetransfer.httpclient4.HttpClientRetrieveFileTransfer$1.performFileTransfer(HttpClientRetrieveFileTransfer.java:1071)
	at org.eclipse.ecf.filetransfer.FileTransferJob.run(FileTransferJob.java:74)
	at org.eclipse.core.internal.jobs.Worker.run(Worker.java:56)

!ENTRY org.eclipse.equinox.p2.transport.ecf 2 0 2018-01-24 22:59:37.187
!MESSAGE Connection to http://downloads.sourceforge.net/project/sapnweclipse/updates/features/com.sap.netweaver.porta.ide.eclipse.feature_0.4.1.200907211842.jar failed on Connection timed out: connect. Retry attempt 0 started
!STACK 0
java.net.ConnectException: Connection timed out: connect
	at java.net.DualStackPlainSocketImpl.waitForConnect(Native Method)
	at java.net.DualStackPlainSocketImpl.socketConnect(Unknown Source)
	at java.net.AbstractPlainSocketImpl.doConnect(Unknown Source)
	at java.net.AbstractPlainSocketImpl.connectToAddress(Unknown Source)
	at java.net.AbstractPlainSocketImpl.connect(Unknown Source)
	at java.net.PlainSocketImpl.connect(Unknown Source)
	at java.net.SocksSocketImpl.connect(Unknown Source)
	at java.net.Socket.connect(Unknown Source)
	at org.eclipse.ecf.internal.provider.filetransfer.httpclient4.ECFHttpClientSecureProtocolSocketFactory.performConnection(ECFHttpClientSecureProtocolSocketFactory.java:96)
	at org.eclipse.ecf.internal.provider.filetransfer.httpclient4.ECFHttpClientSecureProtocolSocketFactory.connectSocket(ECFHttpClientSecureProtocolSocketFactory.java:77)
	at org.apache.http.conn.scheme.SchemeLayeredSocketFactoryAdaptor2.connectSocket(SchemeLayeredSocketFactoryAdaptor2.java:62)
	at org.apache.http.impl.conn.DefaultClientConnectionOperator.openConnection(DefaultClientConnectionOperator.java:179)
	at org.apache.http.impl.conn.AbstractPoolEntry.open(AbstractPoolEntry.java:144)
	at org.apache.http.impl.conn.AbstractPooledConnAdapter.open(AbstractPooledConnAdapter.java:134)
	at org.apache.http.impl.client.DefaultRequestDirector.tryConnect(DefaultRequestDirector.java:612)
	at org.apache.http.impl.client.DefaultRequestDirector.execute(DefaultRequestDirector.java:447)
	at org.apache.http.impl.client.AbstractHttpClient.doExecute(AbstractHttpClient.java:884)
	at org.apache.http.impl.client.CloseableHttpClient.execute(CloseableHttpClient.java:82)
	at org.eclipse.ecf.provider.filetransfer.httpclient4.HttpClientRetrieveFileTransfer.performConnect(HttpClientRetrieveFileTransfer.java:1084)
	at org.eclipse.ecf.provider.filetransfer.httpclient4.HttpClientRetrieveFileTransfer.access$0(HttpClientRetrieveFileTransfer.java:1075)
	at org.eclipse.ecf.provider.filetransfer.httpclient4.HttpClientRetrieveFileTransfer$1.performFileTransfer(HttpClientRetrieveFileTransfer.java:1071)
	at org.eclipse.ecf.filetransfer.FileTransferJob.run(FileTransferJob.java:74)
	at org.eclipse.core.internal.jobs.Worker.run(Worker.java:56)

!ENTRY org.eclipse.equinox.p2.transport.ecf 2 0 2018-01-24 22:59:56.133
!MESSAGE Connection to http://download.jboss.org/jbosstools/targetplatforms/jbosstoolstarget/4.72.0.Final/REPO/compositeContent.xml failed on Connection timed out: connect. Retry attempt 0 started
!STACK 0
java.net.ConnectException: Connection timed out: connect
	at java.net.DualStackPlainSocketImpl.waitForConnect(Native Method)
	at java.net.DualStackPlainSocketImpl.socketConnect(Unknown Source)
	at java.net.AbstractPlainSocketImpl.doConnect(Unknown Source)
	at java.net.AbstractPlainSocketImpl.connectToAddress(Unknown Source)
	at java.net.AbstractPlainSocketImpl.connect(Unknown Source)
	at java.net.PlainSocketImpl.connect(Unknown Source)
	at java.net.SocksSocketImpl.connect(Unknown Source)
	at java.net.Socket.connect(Unknown Source)
	at org.eclipse.ecf.internal.provider.filetransfer.httpclient4.ECFHttpClientProtocolSocketFactory.connectSocket(ECFHttpClientProtocolSocketFactory.java:86)
	at org.apache.http.impl.conn.DefaultClientConnectionOperator.openConnection(DefaultClientConnectionOperator.java:179)
	at org.apache.http.impl.conn.AbstractPoolEntry.open(AbstractPoolEntry.java:144)
	at org.apache.http.impl.conn.AbstractPooledConnAdapter.open(AbstractPooledConnAdapter.java:134)
	at org.apache.http.impl.client.DefaultRequestDirector.tryConnect(DefaultRequestDirector.java:612)
	at org.apache.http.impl.client.DefaultRequestDirector.execute(DefaultRequestDirector.java:447)
	at org.apache.http.impl.client.AbstractHttpClient.doExecute(AbstractHttpClient.java:884)
	at org.apache.http.impl.client.CloseableHttpClient.execute(CloseableHttpClient.java:82)
	at org.eclipse.ecf.provider.filetransfer.httpclient4.HttpClientRetrieveFileTransfer.performConnect(HttpClientRetrieveFileTransfer.java:1084)
	at org.eclipse.ecf.provider.filetransfer.httpclient4.HttpClientRetrieveFileTransfer.access$0(HttpClientRetrieveFileTransfer.java:1075)
	at org.eclipse.ecf.provider.filetransfer.httpclient4.HttpClientRetrieveFileTransfer$1.performFileTransfer(HttpClientRetrieveFileTransfer.java:1071)
	at org.eclipse.ecf.filetransfer.FileTransferJob.run(FileTransferJob.java:74)
	at org.eclipse.core.internal.jobs.Worker.run(Worker.java:56)

!ENTRY org.eclipse.equinox.p2.transport.ecf 2 0 2018-01-24 23:00:14.836
!MESSAGE Connection to http://download.oracle.com/otn_software/oepe/oxygen/compositeContent.xml failed on Connection timed out: connect. Retry attempt 0 started
!STACK 0
java.net.ConnectException: Connection timed out: connect
	at java.net.DualStackPlainSocketImpl.waitForConnect(Native Method)
	at java.net.DualStackPlainSocketImpl.socketConnect(Unknown Source)
	at java.net.AbstractPlainSocketImpl.doConnect(Unknown Source)
	at java.net.AbstractPlainSocketImpl.connectToAddress(Unknown Source)
	at java.net.AbstractPlainSocketImpl.connect(Unknown Source)
	at java.net.PlainSocketImpl.connect(Unknown Source)
	at java.net.SocksSocketImpl.connect(Unknown Source)
	at java.net.Socket.connect(Unknown Source)
	at org.eclipse.ecf.internal.provider.filetransfer.httpclient4.ECFHttpClientProtocolSocketFactory.connectSocket(ECFHttpClientProtocolSocketFactory.java:86)
	at org.apache.http.impl.conn.DefaultClientConnectionOperator.openConnection(DefaultClientConnectionOperator.java:179)
	at org.apache.http.impl.conn.AbstractPoolEntry.open(AbstractPoolEntry.java:144)
	at org.apache.http.impl.conn.AbstractPooledConnAdapter.open(AbstractPooledConnAdapter.java:134)
	at org.apache.http.impl.client.DefaultRequestDirector.tryConnect(DefaultRequestDirector.java:612)
	at org.apache.http.impl.client.DefaultRequestDirector.execute(DefaultRequestDirector.java:447)
	at org.apache.http.impl.client.AbstractHttpClient.doExecute(AbstractHttpClient.java:884)
	at org.apache.http.impl.client.CloseableHttpClient.execute(CloseableHttpClient.java:82)
	at org.eclipse.ecf.provider.filetransfer.httpclient4.HttpClientRetrieveFileTransfer.performConnect(HttpClientRetrieveFileTransfer.java:1084)
	at org.eclipse.ecf.provider.filetransfer.httpclient4.HttpClientRetrieveFileTransfer.access$0(HttpClientRetrieveFileTransfer.java:1075)
	at org.eclipse.ecf.provider.filetransfer.httpclient4.HttpClientRetrieveFileTransfer$1.performFileTransfer(HttpClientRetrieveFileTransfer.java:1071)
	at org.eclipse.ecf.filetransfer.FileTransferJob.run(FileTransferJob.java:74)
	at org.eclipse.core.internal.jobs.Worker.run(Worker.java:56)

!ENTRY org.eclipse.equinox.p2.transport.ecf 2 0 2018-01-24 23:00:24.636
!MESSAGE Connection to http://download.jboss.org/jbosstools/static/oxygen/stable/updates/core/4.5.2.Final/p2.index failed on Connection timed out: connect. Retry attempt 0 started
!STACK 0
java.net.ConnectException: Connection timed out: connect
	at java.net.DualStackPlainSocketImpl.waitForConnect(Native Method)
	at java.net.DualStackPlainSocketImpl.socketConnect(Unknown Source)
	at java.net.AbstractPlainSocketImpl.doConnect(Unknown Source)
	at java.net.AbstractPlainSocketImpl.connectToAddress(Unknown Source)
	at java.net.AbstractPlainSocketImpl.connect(Unknown Source)
	at java.net.PlainSocketImpl.connect(Unknown Source)
	at java.net.SocksSocketImpl.connect(Unknown Source)
	at java.net.Socket.connect(Unknown Source)
	at org.eclipse.ecf.internal.provider.filetransfer.httpclient4.ECFHttpClientProtocolSocketFactory.connectSocket(ECFHttpClientProtocolSocketFactory.java:86)
	at org.apache.http.impl.conn.DefaultClientConnectionOperator.openConnection(DefaultClientConnectionOperator.java:179)
	at org.apache.http.impl.conn.AbstractPoolEntry.open(AbstractPoolEntry.java:144)
	at org.apache.http.impl.conn.AbstractPooledConnAdapter.open(AbstractPooledConnAdapter.java:134)
	at org.apache.http.impl.client.DefaultRequestDirector.tryConnect(DefaultRequestDirector.java:612)
	at org.apache.http.impl.client.DefaultRequestDirector.execute(DefaultRequestDirector.java:447)
	at org.apache.http.impl.client.AbstractHttpClient.doExecute(AbstractHttpClient.java:884)
	at org.apache.http.impl.client.CloseableHttpClient.execute(CloseableHttpClient.java:82)
	at org.eclipse.ecf.provider.filetransfer.httpclient4.HttpClientRetrieveFileTransfer.performConnect(HttpClientRetrieveFileTransfer.java:1084)
	at org.eclipse.ecf.provider.filetransfer.httpclient4.HttpClientRetrieveFileTransfer.access$0(HttpClientRetrieveFileTransfer.java:1075)
	at org.eclipse.ecf.provider.filetransfer.httpclient4.HttpClientRetrieveFileTransfer$1.performFileTransfer(HttpClientRetrieveFileTransfer.java:1071)
	at org.eclipse.ecf.filetransfer.FileTransferJob.run(FileTransferJob.java:74)
	at org.eclipse.core.internal.jobs.Worker.run(Worker.java:56)

!ENTRY org.eclipse.equinox.p2.transport.ecf 2 0 2018-01-24 23:00:52.023
!MESSAGE Connection to http://download.jboss.org/jbosstools/static/oxygen/stable/updates/central/4.5.2.Final/content.xml.xz failed on Connection timed out: connect. Retry attempt 0 started
!STACK 0
java.net.ConnectException: Connection timed out: connect
	at java.net.DualStackPlainSocketImpl.waitForConnect(Native Method)
	at java.net.DualStackPlainSocketImpl.socketConnect(Unknown Source)
	at java.net.AbstractPlainSocketImpl.doConnect(Unknown Source)
	at java.net.AbstractPlainSocketImpl.connectToAddress(Unknown Source)
	at java.net.AbstractPlainSocketImpl.connect(Unknown Source)
	at java.net.PlainSocketImpl.connect(Unknown Source)
	at java.net.SocksSocketImpl.connect(Unknown Source)
	at java.net.Socket.connect(Unknown Source)
	at org.eclipse.ecf.internal.provider.filetransfer.httpclient4.ECFHttpClientProtocolSocketFactory.connectSocket(ECFHttpClientProtocolSocketFactory.java:86)
	at org.apache.http.impl.conn.DefaultClientConnectionOperator.openConnection(DefaultClientConnectionOperator.java:179)
	at org.apache.http.impl.conn.AbstractPoolEntry.open(AbstractPoolEntry.java:144)
	at org.apache.http.impl.conn.AbstractPooledConnAdapter.open(AbstractPooledConnAdapter.java:134)
	at org.apache.http.impl.client.DefaultRequestDirector.tryConnect(DefaultRequestDirector.java:612)
	at org.apache.http.impl.client.DefaultRequestDirector.execute(DefaultRequestDirector.java:447)
	at org.apache.http.impl.client.AbstractHttpClient.doExecute(AbstractHttpClient.java:884)
	at org.apache.http.impl.client.CloseableHttpClient.execute(CloseableHttpClient.java:82)
	at org.eclipse.ecf.provider.filetransfer.httpclient4.HttpClientRetrieveFileTransfer.performConnect(HttpClientRetrieveFileTransfer.java:1084)
	at org.eclipse.ecf.provider.filetransfer.httpclient4.HttpClientRetrieveFileTransfer.access$0(HttpClientRetrieveFileTransfer.java:1075)
	at org.eclipse.ecf.provider.filetransfer.httpclient4.HttpClientRetrieveFileTransfer$1.performFileTransfer(HttpClientRetrieveFileTransfer.java:1071)
	at org.eclipse.ecf.filetransfer.FileTransferJob.run(FileTransferJob.java:74)
	at org.eclipse.core.internal.jobs.Worker.run(Worker.java:56)

!ENTRY org.eclipse.equinox.p2.transport.ecf 2 0 2018-01-24 23:00:54.193
!MESSAGE Connection to http://download.oracle.com/otn_software/oepe/12.2.1.6/oxygen/repository/p2.index failed on Connection timed out: connect. Retry attempt 0 started
!STACK 0
java.net.ConnectException: Connection timed out: connect
	at java.net.DualStackPlainSocketImpl.waitForConnect(Native Method)
	at java.net.DualStackPlainSocketImpl.socketConnect(Unknown Source)
	at java.net.AbstractPlainSocketImpl.doConnect(Unknown Source)
	at java.net.AbstractPlainSocketImpl.connectToAddress(Unknown Source)
	at java.net.AbstractPlainSocketImpl.connect(Unknown Source)
	at java.net.PlainSocketImpl.connect(Unknown Source)
	at java.net.SocksSocketImpl.connect(Unknown Source)
	at java.net.Socket.connect(Unknown Source)
	at org.eclipse.ecf.internal.provider.filetransfer.httpclient4.ECFHttpClientProtocolSocketFactory.connectSocket(ECFHttpClientProtocolSocketFactory.java:86)
	at org.apache.http.impl.conn.DefaultClientConnectionOperator.openConnection(DefaultClientConnectionOperator.java:179)
	at org.apache.http.impl.conn.AbstractPoolEntry.open(AbstractPoolEntry.java:144)
	at org.apache.http.impl.conn.AbstractPooledConnAdapter.open(AbstractPooledConnAdapter.java:134)
	at org.apache.http.impl.client.DefaultRequestDirector.tryConnect(DefaultRequestDirector.java:612)
	at org.apache.http.impl.client.DefaultRequestDirector.execute(DefaultRequestDirector.java:447)
	at org.apache.http.impl.client.AbstractHttpClient.doExecute(AbstractHttpClient.java:884)
	at org.apache.http.impl.client.CloseableHttpClient.execute(CloseableHttpClient.java:82)
	at org.eclipse.ecf.provider.filetransfer.httpclient4.HttpClientRetrieveFileTransfer.performConnect(HttpClientRetrieveFileTransfer.java:1084)
	at org.eclipse.ecf.provider.filetransfer.httpclient4.HttpClientRetrieveFileTransfer.access$0(HttpClientRetrieveFileTransfer.java:1075)
	at org.eclipse.ecf.provider.filetransfer.httpclient4.HttpClientRetrieveFileTransfer$1.performFileTransfer(HttpClientRetrieveFileTransfer.java:1071)
	at org.eclipse.ecf.filetransfer.FileTransferJob.run(FileTransferJob.java:74)
	at org.eclipse.core.internal.jobs.Worker.run(Worker.java:56)

!ENTRY org.eclipse.m2e.logback.appender 2 0 2018-01-24 23:00:59.761
!MESSAGE Using platform encoding (GBK actually) to copy filtered resources, i.e. build is platform dependent!

!ENTRY org.eclipse.m2e.logback.appender 2 0 2018-01-24 23:00:59.776
!MESSAGE Using platform encoding (GBK actually) to copy filtered resources, i.e. build is platform dependent!

!ENTRY org.eclipse.equinox.p2.core 4 0 2018-01-24 23:02:05.989
!MESSAGE Provisioning exception
!STACK 1
org.eclipse.equinox.p2.core.ProvisionException: Unable to connect to repository http://download.oracle.com/otn_software/oepe/12.2.1.6/oxygen/repository/compositeContent.xml
	at org.eclipse.equinox.internal.p2.repository.CacheManager.createCache(CacheManager.java:243)
	at org.eclipse.equinox.internal.p2.metadata.repository.CompositeMetadataRepositoryFactory.getLocalFile(CompositeMetadataRepositoryFactory.java:73)
	at org.eclipse.equinox.internal.p2.metadata.repository.CompositeMetadataRepositoryFactory.load(CompositeMetadataRepositoryFactory.java:98)
	at org.eclipse.equinox.internal.p2.metadata.repository.MetadataRepositoryManager.factoryLoad(MetadataRepositoryManager.java:57)
	at org.eclipse.equinox.internal.p2.repository.helpers.AbstractRepositoryManager.loadRepository(AbstractRepositoryManager.java:768)
	at sun.reflect.GeneratedMethodAccessor79.invoke(Unknown Source)
	at sun.reflect.DelegatingMethodAccessorImpl.invoke(Unknown Source)
	at java.lang.reflect.Method.invoke(Unknown Source)
	at org.eclipse.oomph.util.ReflectUtil.invokeMethod(ReflectUtil.java:117)
	at org.eclipse.oomph.p2.internal.core.CachingRepositoryManager.loadRepository(CachingRepositoryManager.java:409)
	at org.eclipse.oomph.p2.internal.core.CachingRepositoryManager.loadRepository(CachingRepositoryManager.java:201)
	at org.eclipse.oomph.p2.internal.core.CachingRepositoryManager$Metadata.loadRepository(CachingRepositoryManager.java:476)
	at org.eclipse.equinox.internal.p2.metadata.repository.MetadataRepositoryManager.loadRepository(MetadataRepositoryManager.java:96)
	at org.eclipse.equinox.internal.p2.metadata.repository.MetadataRepositoryManager.loadRepository(MetadataRepositoryManager.java:92)
	at org.eclipse.equinox.internal.p2.metadata.repository.CompositeMetadataRepository.addChild(CompositeMetadataRepository.java:166)
	at org.eclipse.equinox.internal.p2.metadata.repository.CompositeMetadataRepository.<init>(CompositeMetadataRepository.java:106)
	at org.eclipse.equinox.internal.p2.metadata.repository.CompositeMetadataRepositoryFactory.load(CompositeMetadataRepositoryFactory.java:122)
	at org.eclipse.equinox.internal.p2.metadata.repository.MetadataRepositoryManager.factoryLoad(MetadataRepositoryManager.java:57)
	at org.eclipse.equinox.internal.p2.repository.helpers.AbstractRepositoryManager.loadRepository(AbstractRepositoryManager.java:768)
	at sun.reflect.GeneratedMethodAccessor79.invoke(Unknown Source)
	at sun.reflect.DelegatingMethodAccessorImpl.invoke(Unknown Source)
	at java.lang.reflect.Method.invoke(Unknown Source)
	at org.eclipse.oomph.util.ReflectUtil.invokeMethod(ReflectUtil.java:117)
	at org.eclipse.oomph.p2.internal.core.CachingRepositoryManager.loadRepository(CachingRepositoryManager.java:409)
	at org.eclipse.oomph.p2.internal.core.CachingRepositoryManager.loadRepository(CachingRepositoryManager.java:201)
	at org.eclipse.oomph.p2.internal.core.CachingRepositoryManager$Metadata.loadRepository(CachingRepositoryManager.java:476)
	at org.eclipse.equinox.internal.p2.metadata.repository.MetadataRepositoryManager.loadRepository(MetadataRepositoryManager.java:96)
	at org.eclipse.equinox.internal.p2.metadata.repository.MetadataRepositoryManager.loadRepository(MetadataRepositoryManager.java:92)
	at org.eclipse.wst.server.discovery.internal.model.ExtensionUpdateSite.getExtensions(ExtensionUpdateSite.java:125)
	at org.eclipse.wst.server.discovery.internal.ExtensionUtility$1.run(ExtensionUtility.java:507)
Caused by: java.net.ConnectException: Connection timed out: connect
	at java.net.DualStackPlainSocketImpl.waitForConnect(Native Method)
	at java.net.DualStackPlainSocketImpl.socketConnect(Unknown Source)
	at java.net.AbstractPlainSocketImpl.doConnect(Unknown Source)
	at java.net.AbstractPlainSocketImpl.connectToAddress(Unknown Source)
	at java.net.AbstractPlainSocketImpl.connect(Unknown Source)
	at java.net.PlainSocketImpl.connect(Unknown Source)
	at java.net.SocksSocketImpl.connect(Unknown Source)
	at java.net.Socket.connect(Unknown Source)
	at org.apache.http.conn.scheme.PlainSocketFactory.connectSocket(PlainSocketFactory.java:120)
	at org.apache.http.impl.conn.DefaultClientConnectionOperator.openConnection(DefaultClientConnectionOperator.java:179)
	at org.apache.http.impl.conn.ManagedClientConnectionImpl.open(ManagedClientConnectionImpl.java:328)
	at org.apache.http.impl.client.DefaultRequestDirector.tryConnect(DefaultRequestDirector.java:612)
	at org.apache.http.impl.client.DefaultRequestDirector.execute(DefaultRequestDirector.java:447)
	at org.apache.http.impl.client.AbstractHttpClient.doExecute(AbstractHttpClient.java:884)
	at org.apache.http.impl.client.CloseableHttpClient.execute(CloseableHttpClient.java:82)
	at org.eclipse.ecf.provider.filetransfer.httpclient4.HttpClientFileSystemBrowser.runRequest(HttpClientFileSystemBrowser.java:263)
	at org.eclipse.ecf.provider.filetransfer.browse.AbstractFileSystemBrowser$DirectoryJob.run(AbstractFileSystemBrowser.java:69)
	at org.eclipse.core.internal.jobs.Worker.run(Worker.java:56)
!SUBENTRY 1 org.eclipse.equinox.p2.transport.ecf 4 1002 2018-01-24 23:02:05.992
!MESSAGE Unable to connect to repository http://download.oracle.com/otn_software/oepe/12.2.1.6/oxygen/repository/compositeContent.xml
!STACK 0
java.net.ConnectException: Connection timed out: connect
	at java.net.DualStackPlainSocketImpl.waitForConnect(Native Method)
	at java.net.DualStackPlainSocketImpl.socketConnect(Unknown Source)
	at java.net.AbstractPlainSocketImpl.doConnect(Unknown Source)
	at java.net.AbstractPlainSocketImpl.connectToAddress(Unknown Source)
	at java.net.AbstractPlainSocketImpl.connect(Unknown Source)
	at java.net.PlainSocketImpl.connect(Unknown Source)
	at java.net.SocksSocketImpl.connect(Unknown Source)
	at java.net.Socket.connect(Unknown Source)
	at org.apache.http.conn.scheme.PlainSocketFactory.connectSocket(PlainSocketFactory.java:120)
	at org.apache.http.impl.conn.DefaultClientConnectionOperator.openConnection(DefaultClientConnectionOperator.java:179)
	at org.apache.http.impl.conn.ManagedClientConnectionImpl.open(ManagedClientConnectionImpl.java:328)
	at org.apache.http.impl.client.DefaultRequestDirector.tryConnect(DefaultRequestDirector.java:612)
	at org.apache.http.impl.client.DefaultRequestDirector.execute(DefaultRequestDirector.java:447)
	at org.apache.http.impl.client.AbstractHttpClient.doExecute(AbstractHttpClient.java:884)
	at org.apache.http.impl.client.CloseableHttpClient.execute(CloseableHttpClient.java:82)
	at org.eclipse.ecf.provider.filetransfer.httpclient4.HttpClientFileSystemBrowser.runRequest(HttpClientFileSystemBrowser.java:263)
	at org.eclipse.ecf.provider.filetransfer.browse.AbstractFileSystemBrowser$DirectoryJob.run(AbstractFileSystemBrowser.java:69)
	at org.eclipse.core.internal.jobs.Worker.run(Worker.java:56)

!ENTRY org.eclipse.equinox.p2.core 4 0 2018-01-24 23:02:26.262
!MESSAGE Provisioning exception
!STACK 1
org.eclipse.equinox.p2.core.ProvisionException: Unable to read repository at https://public.dhe.ibm.com/ibmdl/export/pub/software/websphere/wasdev/updates/wdt/wlibertytools4bmt/v17003/content.jar.
	at org.eclipse.equinox.internal.p2.repository.CacheManager.updateCache(CacheManager.java:428)
	at org.eclipse.equinox.internal.p2.repository.CacheManager.createCache(CacheManager.java:259)
	at org.eclipse.equinox.internal.p2.metadata.repository.SimpleMetadataRepositoryFactory.getLocalFile(SimpleMetadataRepositoryFactory.java:66)
	at org.eclipse.equinox.internal.p2.metadata.repository.SimpleMetadataRepositoryFactory.load(SimpleMetadataRepositoryFactory.java:88)
	at org.eclipse.equinox.internal.p2.metadata.repository.MetadataRepositoryManager.factoryLoad(MetadataRepositoryManager.java:57)
	at org.eclipse.equinox.internal.p2.repository.helpers.AbstractRepositoryManager.loadRepository(AbstractRepositoryManager.java:768)
	at sun.reflect.GeneratedMethodAccessor79.invoke(Unknown Source)
	at sun.reflect.DelegatingMethodAccessorImpl.invoke(Unknown Source)
	at java.lang.reflect.Method.invoke(Unknown Source)
	at org.eclipse.oomph.util.ReflectUtil.invokeMethod(ReflectUtil.java:117)
	at org.eclipse.oomph.p2.internal.core.CachingRepositoryManager.loadRepository(CachingRepositoryManager.java:409)
	at org.eclipse.oomph.p2.internal.core.CachingRepositoryManager.loadRepository(CachingRepositoryManager.java:201)
	at org.eclipse.oomph.p2.internal.core.CachingRepositoryManager$Metadata.loadRepository(CachingRepositoryManager.java:476)
	at org.eclipse.equinox.internal.p2.metadata.repository.MetadataRepositoryManager.loadRepository(MetadataRepositoryManager.java:96)
	at org.eclipse.equinox.internal.p2.metadata.repository.MetadataRepositoryManager.loadRepository(MetadataRepositoryManager.java:92)
	at org.eclipse.equinox.internal.p2.metadata.repository.CompositeMetadataRepository.addChild(CompositeMetadataRepository.java:166)
	at org.eclipse.equinox.internal.p2.metadata.repository.CompositeMetadataRepository.<init>(CompositeMetadataRepository.java:106)
	at org.eclipse.equinox.internal.p2.metadata.repository.CompositeMetadataRepositoryFactory.load(CompositeMetadataRepositoryFactory.java:122)
	at org.eclipse.equinox.internal.p2.metadata.repository.MetadataRepositoryManager.factoryLoad(MetadataRepositoryManager.java:57)
	at org.eclipse.equinox.internal.p2.repository.helpers.AbstractRepositoryManager.loadRepository(AbstractRepositoryManager.java:768)
	at sun.reflect.GeneratedMethodAccessor79.invoke(Unknown Source)
	at sun.reflect.DelegatingMethodAccessorImpl.invoke(Unknown Source)
	at java.lang.reflect.Method.invoke(Unknown Source)
	at org.eclipse.oomph.util.ReflectUtil.invokeMethod(ReflectUtil.java:117)
	at org.eclipse.oomph.p2.internal.core.CachingRepositoryManager.loadRepository(CachingRepositoryManager.java:409)
	at org.eclipse.oomph.p2.internal.core.CachingRepositoryManager.loadRepository(CachingRepositoryManager.java:201)
	at org.eclipse.oomph.p2.internal.core.CachingRepositoryManager$Metadata.loadRepository(CachingRepositoryManager.java:476)
	at org.eclipse.equinox.internal.p2.metadata.repository.MetadataRepositoryManager.loadRepository(MetadataRepositoryManager.java:96)
	at org.eclipse.equinox.internal.p2.metadata.repository.MetadataRepositoryManager.loadRepository(MetadataRepositoryManager.java:92)
	at org.eclipse.wst.server.discovery.internal.model.ExtensionUpdateSite.getExtensions(ExtensionUpdateSite.java:125)
	at org.eclipse.wst.server.discovery.internal.ExtensionUtility$1.run(ExtensionUtility.java:507)
Caused by: java.net.SocketTimeoutException: Read timed out
	at java.net.SocketInputStream.socketRead0(Native Method)
	at java.net.SocketInputStream.socketRead(Unknown Source)
	at java.net.SocketInputStream.read(Unknown Source)
	at java.net.SocketInputStream.read(Unknown Source)
	at sun.security.ssl.InputRecord.readFully(Unknown Source)
	at sun.security.ssl.InputRecord.readV3Record(Unknown Source)
	at sun.security.ssl.InputRecord.read(Unknown Source)
	at sun.security.ssl.SSLSocketImpl.readRecord(Unknown Source)
	at sun.security.ssl.SSLSocketImpl.readDataRecord(Unknown Source)
	at sun.security.ssl.AppInputStream.read(Unknown Source)
	at org.apache.http.impl.io.AbstractSessionInputBuffer.read(AbstractSessionInputBuffer.java:196)
	at org.apache.http.impl.io.ContentLengthInputStream.read(ContentLengthInputStream.java:176)
	at org.apache.http.conn.EofSensorInputStream.read(EofSensorInputStream.java:137)
	at java.io.FilterInputStream.read(Unknown Source)
	at java.io.FilterInputStream.read(Unknown Source)
	at org.eclipse.ecf.provider.filetransfer.retrieve.AbstractRetrieveFileTransfer$1.performFileTransfer(AbstractRetrieveFileTransfer.java:178)
	at org.eclipse.ecf.filetransfer.FileTransferJob.run(FileTransferJob.java:74)
	at org.eclipse.core.internal.jobs.Worker.run(Worker.java:56)
!SUBENTRY 1 org.eclipse.equinox.p2.transport.ecf 4 1002 2018-01-24 23:02:26.263
!MESSAGE Unable to read repository at https://public.dhe.ibm.com/ibmdl/export/pub/software/websphere/wasdev/updates/wdt/wlibertytools4bmt/v17003/content.jar.
!STACK 0
java.net.SocketTimeoutException: Read timed out
	at java.net.SocketInputStream.socketRead0(Native Method)
	at java.net.SocketInputStream.socketRead(Unknown Source)
	at java.net.SocketInputStream.read(Unknown Source)
	at java.net.SocketInputStream.read(Unknown Source)
	at sun.security.ssl.InputRecord.readFully(Unknown Source)
	at sun.security.ssl.InputRecord.readV3Record(Unknown Source)
	at sun.security.ssl.InputRecord.read(Unknown Source)
	at sun.security.ssl.SSLSocketImpl.readRecord(Unknown Source)
	at sun.security.ssl.SSLSocketImpl.readDataRecord(Unknown Source)
	at sun.security.ssl.AppInputStream.read(Unknown Source)
	at org.apache.http.impl.io.AbstractSessionInputBuffer.read(AbstractSessionInputBuffer.java:196)
	at org.apache.http.impl.io.ContentLengthInputStream.read(ContentLengthInputStream.java:176)
	at org.apache.http.conn.EofSensorInputStream.read(EofSensorInputStream.java:137)
	at java.io.FilterInputStream.read(Unknown Source)
	at java.io.FilterInputStream.read(Unknown Source)
	at org.eclipse.ecf.provider.filetransfer.retrieve.AbstractRetrieveFileTransfer$1.performFileTransfer(AbstractRetrieveFileTransfer.java:178)
	at org.eclipse.ecf.filetransfer.FileTransferJob.run(FileTransferJob.java:74)
	at org.eclipse.core.internal.jobs.Worker.run(Worker.java:56)

!ENTRY org.eclipse.jface.text 2 0 2018-01-24 23:02:46.603
!MESSAGE Duplicate template id: 'org.eclipse.wst.xslt.templates.xpath.number'

!ENTRY org.eclipse.jface.text 2 0 2018-01-24 23:02:46.609
!MESSAGE Duplicate template id: 'org.eclipse.wst.xslt.templates.xpath.round'

!ENTRY org.eclipse.jface.text 2 0 2018-01-24 23:02:46.669
!MESSAGE Duplicate template id: 'org.eclipse.wst.xslt.templates.xpath.number'

!ENTRY org.eclipse.jface.text 2 0 2018-01-24 23:02:46.676
!MESSAGE Duplicate template id: 'org.eclipse.wst.xslt.templates.xpath.round'

!ENTRY org.eclipse.m2e.logback.appender 2 0 2018-01-24 23:02:47.127
!MESSAGE Using platform encoding (GBK actually) to copy filtered resources, i.e. build is platform dependent!

!ENTRY org.eclipse.m2e.logback.appender 2 0 2018-01-24 23:02:47.167
!MESSAGE Using platform encoding (GBK actually) to copy filtered resources, i.e. build is platform dependent!

!ENTRY org.eclipse.wst.server.discovery 1 0 2018-01-24 23:04:19.786
!MESSAGE already installed: org.eclipse.jst.server.generic.jonas4

!ENTRY org.eclipse.m2e.logback.appender 2 0 2018-01-24 23:05:30.966
!MESSAGE Using platform encoding (GBK actually) to copy filtered resources, i.e. build is platform dependent!

!ENTRY org.eclipse.m2e.logback.appender 2 0 2018-01-24 23:05:30.982
!MESSAGE Using platform encoding (GBK actually) to copy filtered resources, i.e. build is platform dependent!

!ENTRY org.eclipse.m2e.logback.appender 2 0 2018-01-24 23:05:46.171
!MESSAGE Using platform encoding (GBK actually) to copy filtered resources, i.e. build is platform dependent!

!ENTRY org.eclipse.m2e.logback.appender 2 0 2018-01-24 23:05:46.186
!MESSAGE Using platform encoding (GBK actually) to copy filtered resources, i.e. build is platform dependent!
