0 info it worked if it ends with ok
1 verbose cli [ 'C:\\Program Files\\nodejs\\node.exe',
1 verbose cli   'C:\\Users\\zhoub\\AppData\\Roaming\\npm\\node_modules\\npm\\bin\\npm-cli.js',
1 verbose cli   'run',
1 verbose cli   'dev' ]
2 info using npm@3.10.2
3 info using node@v7.8.0
4 verbose run-script [ 'predev', 'dev', 'postdev' ]
5 info lifecycle angular2@1.0.0~predev: angular2@1.0.0
6 silly lifecycle angular2@1.0.0~predev: no script for predev, continuing
7 info lifecycle angular2@1.0.0~dev: angular2@1.0.0
8 verbose lifecycle angular2@1.0.0~dev: unsafe-perm in lifecycle true
9 verbose lifecycle angular2@1.0.0~dev: PATH: C:\Users\zhoub\AppData\Roaming\npm\node_modules\npm\bin\node-gyp-bin;C:\mainPart\staticspace\git\angularjs2\node_modules\.bin;C:\Program Files\nodejs;C:\ProgramData\Oracle\Java\javapath;C:\Program Files (x86)\Intel\iCLS Client\;C:\Program Files\Intel\iCLS Client\;C:\Windows\system32;C:\Windows;C:\Windows\System32\Wbem;C:\Windows\System32\WindowsPowerShell\v1.0\;C:\Program Files\Intel\Intel(R) Management Engine Components\DAL;C:\Program Files (x86)\Intel\Intel(R) Management Engine Components\DAL;C:\Program Files\Intel\Intel(R) Management Engine Components\IPT;C:\Program Files (x86)\Intel\Intel(R) Management Engine Components\IPT;C:\Program Files\Java\jdk1.8.0_20\bin;C:\Program Files\Java\jdk1.8.0_20\jre\bin;C:\tools\apache-maven-3.1.1\bin;C:\tools\apache-tomcat-7.0.72\lib;C:\tools\apache-tomcat-7.0.72\bin;C:\Program Files\TortoiseSVN\bin;C:\Program Files\MySQL\MySQL Server 5.5\bin;C:\Program Files\nodejs\;C:\Users\zhoub\AppData\Roaming\npm
10 verbose lifecycle angular2@1.0.0~dev: CWD: C:\mainPart\staticspace\git\angularjs2
11 silly lifecycle angular2@1.0.0~dev: Args: [ '/d /s /c', 'webpack-dev-server --colors --progress' ]
12 silly lifecycle angular2@1.0.0~dev: Returned: code: 3221225786  signal: null
13 info lifecycle angular2@1.0.0~dev: Failed to exec dev script
14 verbose stack Error: angular2@1.0.0 dev: `webpack-dev-server --colors --progress`
14 verbose stack Exit status 3221225786
14 verbose stack     at EventEmitter.<anonymous> (C:\Users\zhoub\AppData\Roaming\npm\node_modules\npm\lib\utils\lifecycle.js:242:16)
14 verbose stack     at emitTwo (events.js:106:13)
14 verbose stack     at EventEmitter.emit (events.js:194:7)
14 verbose stack     at ChildProcess.<anonymous> (C:\Users\zhoub\AppData\Roaming\npm\node_modules\npm\lib\utils\spawn.js:40:14)
14 verbose stack     at emitTwo (events.js:106:13)
14 verbose stack     at ChildProcess.emit (events.js:194:7)
14 verbose stack     at maybeClose (internal/child_process.js:899:16)
14 verbose stack     at Process.ChildProcess._handle.onexit (internal/child_process.js:226:5)
15 verbose pkgid angular2@1.0.0
16 verbose cwd C:\mainPart\staticspace\git\angularjs2\src
17 error Windows_NT 10.0.10240
18 error argv "C:\\Program Files\\nodejs\\node.exe" "C:\\Users\\zhoub\\AppData\\Roaming\\npm\\node_modules\\npm\\bin\\npm-cli.js" "run" "dev"
19 error node v7.8.0
20 error npm  v3.10.2
21 error code ELIFECYCLE
22 error angular2@1.0.0 dev: `webpack-dev-server --colors --progress`
22 error Exit status 3221225786
23 error Failed at the angular2@1.0.0 dev script 'webpack-dev-server --colors --progress'.
23 error Make sure you have the latest version of node.js and npm installed.
23 error If you do, this is most likely a problem with the angular2 package,
23 error not with npm itself.
23 error Tell the author that this fails on your system:
23 error     webpack-dev-server --colors --progress
23 error You can get information on how to open an issue for this project with:
23 error     npm bugs angular2
23 error Or if that isn't available, you can get their info via:
23 error     npm owner ls angular2
23 error There is likely additional logging output above.
24 verbose exit [ 1, true ]
